0 info it worked if it ends with ok
1 verbose cli [ '/usr/local/bin/node', '/usr/local/bin/npm', 'start' ]
2 info using npm@1.2.18
3 info using node@v0.8.23
4 verbose read json /Users/jfroma/Projects/oss/hackdash/package.json
5 verbose run-script [ 'prestart', 'start', 'poststart' ]
6 info prestart hackdash@0.2.0
7 info start hackdash@0.2.0
8 verbose unsafe-perm in lifecycle true
9 silly exec sh "-c" "node server"
10 silly sh,-c,node server,/Users/jfroma/Projects/oss/hackdash spawning
11 info hackdash@0.2.0 Failed to exec start script
12 error hackdash@0.2.0 start: `node server`
12 error `sh "-c" "node server"` failed with 1
13 error Failed at the hackdash@0.2.0 start script.
13 error This is most likely a problem with the hackdash package,
13 error not with npm itself.
13 error Tell the author that this fails on your system:
13 error     node server
13 error You can get their info via:
13 error     npm owner ls hackdash
13 error There is likely additional logging output above.
14 error System Darwin 12.3.0
15 error command "/usr/local/bin/node" "/usr/local/bin/npm" "start"
16 error cwd /Users/jfroma/Projects/oss/hackdash
17 error node -v v0.8.23
18 error npm -v 1.2.18
19 error code ELIFECYCLE
20 verbose exit [ 1, true ]
